[CLIENT] Sent Packet 0
[CLIENT] Sent Packet 1
[CLIENT] Sent Packet 2
[CLIENT] Sent Packet 3
[CLIENT] Sent Packet 4
[CLIENT] Received ACK 0
[CLIENT] Sent Packet 5
[CLIENT] Received ACK 1
[CLIENT] Sent Packet 6
[CLIENT] Received ACK 2
[CLIENT] Sent Packet 7
[CLIENT] Received ACK 3
[CLIENT] Sent Packet 8
[CLIENT] Received ACK 4
[CLIENT] Sent Packet 9
[CLIENT] Received ACK 5
[CLIENT] Intentionally dropping Packet 10
[CLIENT] Received ACK 6
[CLIENT] Sent Packet 11
[CLIENT] Received ACK 7
[CLIENT] Sent Packet 12
[CLIENT] Received ACK 8
[CLIENT] Sent Packet 13
[CLIENT] Received ACK 9
[CLIENT] Sent Packet 14
[CLIENT] Received ACK 9
[CLIENT] Received ACK 9
[CLIENT] Received ACK 9
[CLIENT] Fast retransmit of Packet 10
[CLIENT] Received ACK 9
[CLIENT] Received ACK 14
[CLIENT] Sent Packet 15
[CLIENT] Sent Packet 16
[CLIENT] Sent Packet 17
[CLIENT] Sent Packet 18
[CLIENT] Sent Packet 19
[CLIENT] Received ACK 15
[CLIENT] Sent Packet 20
[CLIENT] Received ACK 16
[CLIENT] Sent Packet 21
[CLIENT] Received ACK 17
[CLIENT] Sent Packet 22
[CLIENT] Received ACK 18
[CLIENT] Sent Packet 23
[CLIENT] Received ACK 19
[CLIENT] Sent Packet 24
[CLIENT] Received ACK 20
[CLIENT] Sent Packet 25
[CLIENT] Received ACK 21
[CLIENT] Sent Packet 26
[CLIENT] Received ACK 22
[CLIENT] Sent Packet 27
[CLIENT] Received ACK 23
[CLIENT] Sent Packet 28
[CLIENT] Received ACK 24
[CLIENT] Sent Packet 29
[CLIENT] Received ACK 25
[CLIENT] Sent Packet 30
[CLIENT] Received ACK 26
[CLIENT] Sent Packet 31
[CLIENT] Received ACK 27
[CLIENT] Sent Packet 32
[CLIENT] Received ACK 28
[CLIENT] Sent Packet 33
[CLIENT] Received ACK 29
[CLIENT] Sent Packet 34
[CLIENT] Received ACK 30
[CLIENT] Sent Packet 35
[CLIENT] Received ACK 31
[CLIENT] Sent Packet 36
[CLIENT] Received ACK 32
[CLIENT] Sent Packet 37
[CLIENT] Received ACK 33
[CLIENT] Sent Packet 38
[CLIENT] Received ACK 34
[CLIENT] Sent Packet 39
[CLIENT] Received ACK 35
[CLIENT] Sent Packet 40
[CLIENT] Received ACK 36
[CLIENT] Sent Packet 41
[CLIENT] Received ACK 37
[CLIENT] Sent Packet 42
[CLIENT] Received ACK 38
[CLIENT] Sent Packet 43
[CLIENT] Received ACK 39
[CLIENT] Sent Packet 44
[CLIENT] Received ACK 40
[CLIENT] Sent Packet 45
[CLIENT] Received ACK 41
[CLIENT] Sent Packet 46
[CLIENT] Received ACK 42
[CLIENT] Sent Packet 47
[CLIENT] Received ACK 43
[CLIENT] Sent Packet 48
[CLIENT] Received ACK 44
[CLIENT] Sent Packet 49
[CLIENT] Received ACK 45
[CLIENT] Intentionally dropping Packet 50
[CLIENT] Received ACK 46
[CLIENT] Sent Packet 51
[CLIENT] Received ACK 47
[CLIENT] Sent Packet 52
[CLIENT] Received ACK 48
[CLIENT] Sent Packet 53
[CLIENT] Received ACK 49
[CLIENT] Sent Packet 54
[CLIENT] Received ACK 49
[CLIENT] Received ACK 49
[CLIENT] Received ACK 49
[CLIENT] Fast retransmit of Packet 50
[CLIENT] Received ACK 49
[CLIENT] Received ACK 54
[CLIENT] Sent Packet 55
[CLIENT] Sent Packet 56
[CLIENT] Sent Packet 57
[CLIENT] Sent Packet 58
[CLIENT] Sent Packet 59
[CLIENT] Received ACK 55
[CLIENT] Sent Packet 60
[CLIENT] Received ACK 56
[CLIENT] Sent Packet 61
[CLIENT] Received ACK 57
[CLIENT] Sent Packet 62
[CLIENT] Received ACK 58
[CLIENT] Sent Packet 63
[CLIENT] Received ACK 59
[CLIENT] Sent Packet 64
[CLIENT] Received ACK 60
[CLIENT] Sent Packet 65
[CLIENT] Received ACK 61
[CLIENT] Sent Packet 66
[CLIENT] Received ACK 62
[CLIENT] Sent Packet 67
[CLIENT] Received ACK 63
[CLIENT] Sent Packet 68
[CLIENT] Received ACK 64
[CLIENT] Sent Packet 69
[CLIENT] Received ACK 65
[CLIENT] Sent Packet 70
[CLIENT] Received ACK 66
[CLIENT] Sent Packet 71
[CLIENT] Received ACK 67
[CLIENT] Sent Packet 72
[CLIENT] Received ACK 68
[CLIENT] Sent Packet 73
[CLIENT] Received ACK 69
[CLIENT] Sent Packet 74
[CLIENT] Received ACK 70
[CLIENT] Sent Packet 75
[CLIENT] Received ACK 71
[CLIENT] Sent Packet 76
[CLIENT] Received ACK 72
[CLIENT] Sent Packet 77
[CLIENT] Received ACK 73
[CLIENT] Sent Packet 78
[CLIENT] Received ACK 74
[CLIENT] Sent Packet 79
[CLIENT] Received ACK 75
[CLIENT] Sent Packet 80
[CLIENT] Received ACK 76
[CLIENT] Sent Packet 81
[CLIENT] Received ACK 77
[CLIENT] Sent Packet 82
[CLIENT] Received ACK 78
[CLIENT] Sent Packet 83
[CLIENT] Received ACK 79
[CLIENT] Sent Packet 84
[CLIENT] Received ACK 80
[CLIENT] Sent Packet 85
[CLIENT] Received ACK 81
[CLIENT] Sent Packet 86
[CLIENT] Received ACK 82
[CLIENT] Sent Packet 87
[CLIENT] Received ACK 83
[CLIENT] Sent Packet 88
[CLIENT] Received ACK 84
[CLIENT] Sent Packet 89
[CLIENT] Received ACK 85
[CLIENT] Sent Packet 90
[CLIENT] Received ACK 86
[CLIENT] Sent Packet 91
[CLIENT] Received ACK 87
[CLIENT] Sent Packet 92
[CLIENT] Received ACK 88
[CLIENT] Sent Packet 93
[CLIENT] Received ACK 89
[CLIENT] Sent Packet 94
[CLIENT] Received ACK 90
[CLIENT] Sent Packet 95
[CLIENT] Received ACK 91
[CLIENT] Sent Packet 96
[CLIENT] Received ACK 92
[CLIENT] Sent Packet 97
[CLIENT] Received ACK 93
[CLIENT] Sent Packet 98
[CLIENT] Received ACK 94
[CLIENT] Sent Packet 99
[CLIENT] Received ACK 95
[CLIENT] Sent Packet 100
[CLIENT] Received ACK 96
[CLIENT] Sent Packet 101
[CLIENT] Received ACK 97
[CLIENT] Sent Packet 102
[CLIENT] Received ACK 98
[CLIENT] Sent Packet 103
[CLIENT] Received ACK 99
[CLIENT] Sent Packet 104
[CLIENT] Received ACK 100
[CLIENT] Sent Packet 105
[CLIENT] Received ACK 101
[CLIENT] Sent Packet 106
[CLIENT] Received ACK 102
[CLIENT] Sent Packet 107
[CLIENT] Received ACK 103
[CLIENT] Sent Packet 108
[CLIENT] Received ACK 104
[CLIENT] Sent Packet 109
[CLIENT] Received ACK 105
[CLIENT] Sent Packet 110
[CLIENT] Received ACK 106
[CLIENT] Sent Packet 111
[CLIENT] Received ACK 107
[CLIENT] Sent Packet 112
[CLIENT] Received ACK 108
[CLIENT] Sent Packet 113
[CLIENT] Received ACK 109
[CLIENT] Sent Packet 114
[CLIENT] Received ACK 110
[CLIENT] Sent Packet 115
[CLIENT] Received ACK 111
[CLIENT] Sent Packet 116
[CLIENT] Received ACK 112
[CLIENT] Sent Packet 117
[CLIENT] Received ACK 113
[CLIENT] Sent Packet 118
[CLIENT] Received ACK 114
[CLIENT] Sent Packet 119
[CLIENT] Received ACK 115
[CLIENT] Sent Packet 120
[CLIENT] Received ACK 116
[CLIENT] Sent Packet 121
[CLIENT] Received ACK 117
[CLIENT] Sent Packet 122
[CLIENT] Received ACK 118
[CLIENT] Sent Packet 123
[CLIENT] Received ACK 119
[CLIENT] Sent Packet 124
[CLIENT] Received ACK 120
[CLIENT] Sent Packet 125
[CLIENT] Received ACK 121
[CLIENT] Sent Packet 126
[CLIENT] Received ACK 122
[CLIENT] Sent Packet 127
[CLIENT] Received ACK 123
[CLIENT] Sent Packet 128
[CLIENT] Received ACK 124
[CLIENT] Sent Packet 129
[CLIENT] Received ACK 125
[CLIENT] Sent Packet 130
[CLIENT] Received ACK 126
[CLIENT] Sent Packet 131
[CLIENT] Received ACK 127
[CLIENT] Sent Packet 132
[CLIENT] Received ACK 128
[CLIENT] Sent Packet 133
[CLIENT] Received ACK 129
[CLIENT] Sent Packet 134
[CLIENT] Received ACK 130
[CLIENT] Sent Packet 135
[CLIENT] Received ACK 131
[CLIENT] Sent Packet 136
[CLIENT] Received ACK 132
[CLIENT] Sent Packet 137
[CLIENT] Received ACK 133
[CLIENT] Sent Packet 138
[CLIENT] Received ACK 134
[CLIENT] Sent Packet 139
[CLIENT] Received ACK 135
[CLIENT] Sent Packet 140
[CLIENT] Received ACK 136
[CLIENT] Sent Packet 141
[CLIENT] Received ACK 137
[CLIENT] Sent Packet 142
[CLIENT] Received ACK 138
[CLIENT] Sent Packet 143
[CLIENT] Received ACK 139
[CLIENT] Sent Packet 144
[CLIENT] Received ACK 140
[CLIENT] Sent Packet 145
[CLIENT] Received ACK 141
[CLIENT] Sent Packet 146
[CLIENT] Received ACK 142
[CLIENT] Sent Packet 147
[CLIENT] Received ACK 143
[CLIENT] Sent Packet 148
[CLIENT] Received ACK 144
[CLIENT] Sent Packet 149
[CLIENT] Received ACK 145
[CLIENT] Sent Packet 150
[CLIENT] Received ACK 146
[CLIENT] Sent Packet 151
[CLIENT] Received ACK 147
[CLIENT] Sent Packet 152
[CLIENT] Received ACK 148
[CLIENT] Sent Packet 153
[CLIENT] Received ACK 149
[CLIENT] Sent Packet 154
[CLIENT] Received ACK 150
[CLIENT] Sent Packet 155
[CLIENT] Received ACK 151
[CLIENT] Sent Packet 156
[CLIENT] Received ACK 152
[CLIENT] Sent Packet 157
[CLIENT] Received ACK 153
[CLIENT] Sent Packet 158
[CLIENT] Received ACK 154
[CLIENT] Sent Packet 159
[CLIENT] Received ACK 155
[CLIENT] Sent Packet 160
[CLIENT] Received ACK 156
[CLIENT] Sent Packet 161
[CLIENT] Received ACK 157
[CLIENT] Sent Packet 162
[CLIENT] Received ACK 158
[CLIENT] Sent Packet 163
[CLIENT] Received ACK 159
[CLIENT] Sent Packet 164
[CLIENT] Received ACK 160
[CLIENT] Sent Packet 165
[CLIENT] Received ACK 161
[CLIENT] Sent Packet 166
[CLIENT] Received ACK 162
[CLIENT] Sent Packet 167
[CLIENT] Received ACK 163
[CLIENT] Sent Packet 168
[CLIENT] Received ACK 164
[CLIENT] Sent Packet 169
[CLIENT] Received ACK 165
[CLIENT] Sent Packet 170
[CLIENT] Received ACK 166
[CLIENT] Sent Packet 171
[CLIENT] Received ACK 167
[CLIENT] Sent Packet 172
[CLIENT] Received ACK 168
[CLIENT] Sent Packet 173
[CLIENT] Received ACK 169
[CLIENT] Sent Packet 174
[CLIENT] Received ACK 170
[CLIENT] Sent Packet 175
[CLIENT] Received ACK 171
[CLIENT] Sent Packet 176
[CLIENT] Received ACK 172
[CLIENT] Sent Packet 177
[CLIENT] Received ACK 173
[CLIENT] Sent Packet 178
[CLIENT] Received ACK 174
[CLIENT] Sent Packet 179
[CLIENT] Received ACK 175
[CLIENT] Sent Packet 180
[CLIENT] Received ACK 176
[CLIENT] Sent Packet 181
[CLIENT] Received ACK 177
[CLIENT] Sent Packet 182
[CLIENT] Received ACK 178
[CLIENT] Sent Packet 183
[CLIENT] Received ACK 179
[CLIENT] Sent Packet 184
[CLIENT] Received ACK 180
[CLIENT] Sent Packet 185
[CLIENT] Received ACK 181
[CLIENT] Sent Packet 186
[CLIENT] Received ACK 182
[CLIENT] Sent Packet 187
[CLIENT] Received ACK 183
[CLIENT] Sent Packet 188
[CLIENT] Received ACK 184
[CLIENT] Sent Packet 189
[CLIENT] Received ACK 185
[CLIENT] Sent Packet 190
[CLIENT] Received ACK 186
[CLIENT] Sent Packet 191
[CLIENT] Received ACK 187
[CLIENT] Sent Packet 192
[CLIENT] Received ACK 188
[CLIENT] Sent Packet 193
[CLIENT] Received ACK 189
[CLIENT] Sent Packet 194
[CLIENT] Received ACK 190
[CLIENT] Sent Packet 195
[CLIENT] Received ACK 191
[CLIENT] Sent Packet 196
[CLIENT] Received ACK 192
[CLIENT] Sent Packet 197
[CLIENT] Received ACK 193
[CLIENT] Sent Packet 198
[CLIENT] Received ACK 194
[CLIENT] Sent Packet 199
[CLIENT] Received ACK 195
[CLIENT] Sent Packet 200
[CLIENT] Received ACK 196
[CLIENT] Sent Packet 201
[CLIENT] Received ACK 197
[CLIENT] Sent Packet 202
[CLIENT] Received ACK 198
[CLIENT] Sent Packet 203
[CLIENT] Received ACK 199
[CLIENT] Sent Packet 204
[CLIENT] Received ACK 200
[CLIENT] Sent Packet 205
[CLIENT] Received ACK 201
[CLIENT] Sent Packet 206
[CLIENT] Received ACK 202
[CLIENT] Sent Packet 207
[CLIENT] Received ACK 203
[CLIENT] Sent Packet 208
[CLIENT] Received ACK 204
[CLIENT] Sent Packet 209
[CLIENT] Received ACK 205
[CLIENT] Sent Packet 210
[CLIENT] Received ACK 206
[CLIENT] Sent Packet 211
[CLIENT] Received ACK 207
[CLIENT] Sent Packet 212
[CLIENT] Received ACK 208
[CLIENT] Sent Packet 213
[CLIENT] Received ACK 209
[CLIENT] Sent Packet 214
[CLIENT] Received ACK 210
[CLIENT] Sent Packet 215
[CLIENT] Received ACK 211
[CLIENT] Sent Packet 216
[CLIENT] Received ACK 212
[CLIENT] Sent Packet 217
[CLIENT] Received ACK 213
[CLIENT] Sent Packet 218
[CLIENT] Received ACK 214
[CLIENT] Sent Packet 219
[CLIENT] Received ACK 215
[CLIENT] Sent Packet 220
[CLIENT] Received ACK 216
[CLIENT] Sent Packet 221
[CLIENT] Received ACK 217
[CLIENT] Sent Packet 222
[CLIENT] Received ACK 218
[CLIENT] Sent Packet 223
[CLIENT] Received ACK 219
[CLIENT] Sent Packet 224
[CLIENT] Received ACK 220
[CLIENT] Sent Packet 225
[CLIENT] Received ACK 221
[CLIENT] Sent Packet 226
[CLIENT] Received ACK 222
[CLIENT] Sent Packet 227
[CLIENT] Received ACK 223
[CLIENT] Sent Packet 228
[CLIENT] Received ACK 224
[CLIENT] Sent Packet 229
[CLIENT] Received ACK 225
[CLIENT] Sent Packet 230
[CLIENT] Received ACK 226
[CLIENT] Sent Packet 231
[CLIENT] Received ACK 227
[CLIENT] Sent Packet 232
[CLIENT] Received ACK 228
[CLIENT] Sent Packet 233
[CLIENT] Received ACK 229
[CLIENT] Sent Packet 234
[CLIENT] Received ACK 230
[CLIENT] Sent Packet 235
[CLIENT] Received ACK 231
[CLIENT] Sent Packet 236
[CLIENT] Received ACK 232
[CLIENT] Sent Packet 237
[CLIENT] Received ACK 233
[CLIENT] Sent Packet 238
[CLIENT] Received ACK 234
[CLIENT] Sent Packet 239
[CLIENT] Received ACK 235
[CLIENT] Sent Packet 240
[CLIENT] Received ACK 236
[CLIENT] Sent Packet 241
[CLIENT] Received ACK 237
[CLIENT] Sent Packet 242
[CLIENT] Received ACK 238
[CLIENT] Sent Packet 243
[CLIENT] Received ACK 239
[CLIENT] Sent Packet 244
[CLIENT] Received ACK 240
[CLIENT] Sent Packet 245
[CLIENT] Received ACK 241
[CLIENT] Sent Packet 246
[CLIENT] Received ACK 242
[CLIENT] Sent Packet 247
[CLIENT] Received ACK 243
[CLIENT] Sent Packet 248
[CLIENT] Received ACK 244
[CLIENT] Sent Packet 249
[CLIENT] Received ACK 245
[CLIENT] Sent Packet 250
[CLIENT] Received ACK 246
[CLIENT] Sent Packet 251
[CLIENT] Received ACK 247
[CLIENT] Sent Packet 252
[CLIENT] Received ACK 248
[CLIENT] Sent Packet 253
[CLIENT] Received ACK 249
[CLIENT] Sent Packet 254
[CLIENT] Received ACK 250
[CLIENT] Sent Packet 255
[CLIENT] Received ACK 251
[CLIENT] Sent Packet 256
[CLIENT] Received ACK 252
[CLIENT] Sent Packet 257
[CLIENT] Received ACK 253
[CLIENT] Sent Packet 258
[CLIENT] Received ACK 254
[CLIENT] Sent Packet 259
[CLIENT] Received ACK 255
[CLIENT] Sent Packet 260
[CLIENT] Received ACK 256
[CLIENT] Sent Packet 261
[CLIENT] Received ACK 257
[CLIENT] Sent Packet 262
[CLIENT] Received ACK 258
[CLIENT] Sent Packet 263
[CLIENT] Received ACK 259
[CLIENT] Sent Packet 264
[CLIENT] Received ACK 260
[CLIENT] Sent Packet 265
[CLIENT] Received ACK 261
[CLIENT] Sent Packet 266
[CLIENT] Received ACK 262
[CLIENT] Sent Packet 267
[CLIENT] Received ACK 263
[CLIENT] Sent Packet 268
[CLIENT] Received ACK 264
[CLIENT] Sent Packet 269
[CLIENT] Received ACK 265
[CLIENT] Sent Packet 270
[CLIENT] Received ACK 266
[CLIENT] Sent Packet 271
[CLIENT] Received ACK 267
[CLIENT] Sent Packet 272
[CLIENT] Received ACK 268
[CLIENT] Sent Packet 273
[CLIENT] Received ACK 269
[CLIENT] Sent Packet 274
[CLIENT] Received ACK 270
[CLIENT] Sent Packet 275
[CLIENT] Received ACK 271
[CLIENT] Sent Packet 276
[CLIENT] Received ACK 272
[CLIENT] Sent Packet 277
[CLIENT] Received ACK 273
[CLIENT] Sent Packet 278
[CLIENT] Received ACK 274
[CLIENT] Sent Packet 279
[CLIENT] Received ACK 275
[CLIENT] Sent Packet 280
[CLIENT] Received ACK 276
[CLIENT] Sent Packet 281
[CLIENT] Received ACK 277
[CLIENT] Sent Packet 282
[CLIENT] Received ACK 278
[CLIENT] Sent Packet 283
[CLIENT] Received ACK 279
[CLIENT] Sent Packet 284
[CLIENT] Received ACK 280
[CLIENT] Sent Packet 285
[CLIENT] Received ACK 281
[CLIENT] Sent Packet 286
[CLIENT] Received ACK 282
[CLIENT] Sent Packet 287
[CLIENT] Received ACK 283
[CLIENT] Sent Packet 288
[CLIENT] Received ACK 284
[CLIENT] Sent Packet 289
[CLIENT] Received ACK 285
[CLIENT] Sent Packet 290
[CLIENT] Received ACK 286
[CLIENT] Sent Packet 291
[CLIENT] Received ACK 287
[CLIENT] Sent Packet 292
[CLIENT] Received ACK 288
[CLIENT] Sent Packet 293
[CLIENT] Received ACK 289
[CLIENT] Sent Packet 294
[CLIENT] Received ACK 290
[CLIENT] Sent Packet 295
[CLIENT] Received ACK 291
[CLIENT] Sent Packet 296
[CLIENT] Received ACK 292
[CLIENT] Sent Packet 297
[CLIENT] Received ACK 293
[CLIENT] Sent Packet 298
[CLIENT] Received ACK 294
[CLIENT] Sent Packet 299
[CLIENT] Received ACK 295
[CLIENT] Sent Packet 300
[CLIENT] Received ACK 296
[CLIENT] Sent Packet 301
[CLIENT] Received ACK 297
[CLIENT] Sent Packet 302
[CLIENT] Received ACK 298
[CLIENT] Sent Packet 303
[CLIENT] Received ACK 299
[CLIENT] Sent Packet 304
[CLIENT] Received ACK 300
[CLIENT] Sent Packet 305
[CLIENT] Received ACK 301
[CLIENT] Sent Packet 306
[CLIENT] Received ACK 302
[CLIENT] Sent Packet 307
[CLIENT] Received ACK 303
[CLIENT] Sent Packet 308
[CLIENT] Received ACK 304
[CLIENT] Sent Packet 309
[CLIENT] Received ACK 305
[CLIENT] Sent Packet 310
[CLIENT] Received ACK 306
[CLIENT] Sent Packet 311
[CLIENT] Received ACK 307
[CLIENT] Sent Packet 312
[CLIENT] Received ACK 308
[CLIENT] Sent Packet 313
[CLIENT] Received ACK 309
[CLIENT] Sent Packet 314
[CLIENT] Received ACK 310
[CLIENT] Sent Packet 315
[CLIENT] Received ACK 311
[CLIENT] Sent Packet 316
[CLIENT] Received ACK 312
[CLIENT] Sent Packet 317
[CLIENT] Received ACK 313
[CLIENT] Sent Packet 318
[CLIENT] Received ACK 314
[CLIENT] Sent Packet 319
[CLIENT] Received ACK 315
[CLIENT] Sent Packet 320
[CLIENT] Received ACK 316
[CLIENT] Sent Packet 321
[CLIENT] Received ACK 317
[CLIENT] Sent Packet 322
[CLIENT] Received ACK 318
[CLIENT] Sent Packet 323
[CLIENT] Received ACK 319
[CLIENT] Sent Packet 324
[CLIENT] Received ACK 320
[CLIENT] Sent Packet 325
[CLIENT] Received ACK 321
[CLIENT] Sent Packet 326
[CLIENT] Received ACK 322
[CLIENT] Sent Packet 327
[CLIENT] Received ACK 323
[CLIENT] Sent Packet 328
[CLIENT] Received ACK 324
[CLIENT] Received ACK 325
[CLIENT] Received ACK 326
[CLIENT] Received ACK 327
[CLIENT] Received ACK 328
[CLIENT] Sent ACK 0
[CLIENT] Sent ACK 1
[CLIENT] Sent ACK 2
[CLIENT] Sent ACK 3
[CLIENT] Sent ACK 4
[CLIENT] Sent ACK 5
[CLIENT] Sent ACK 6
[CLIENT] Sent ACK 7
[CLIENT] Sent ACK 8
[CLIENT] Sent ACK 9
[CLIENT] Sent ACK 9
[CLIENT] Sent ACK 9
[CLIENT] Sent ACK 9
[CLIENT] Sent ACK 9
[CLIENT] Sent ACK 14
[CLIENT] Sent ACK 15
[CLIENT] Sent ACK 16
[CLIENT] Sent ACK 17
[CLIENT] Sent ACK 18
[CLIENT] Sent ACK 19
[CLIENT] Sent ACK 19
[CLIENT] Sent ACK 19
[CLIENT] Sent ACK 19
[CLIENT] Sent ACK 19
[CLIENT] Sent ACK 24
[CLIENT] Sent ACK 25
[CLIENT] Sent ACK 26
[CLIENT] Sent ACK 27
[CLIENT] Sent ACK 28
[CLIENT] Sent ACK 29
[CLIENT] Sent ACK 30
[CLIENT] Sent ACK 31
[CLIENT] Sent ACK 32
[CLIENT] Sent ACK 33
[CLIENT] Sent ACK 34
[CLIENT] Sent ACK 35
[CLIENT] Sent ACK 36
[CLIENT] Sent ACK 37
[CLIENT] Sent ACK 38
[CLIENT] Sent ACK 39
[CLIENT] Sent ACK 40
[CLIENT] Sent ACK 41
[CLIENT] Sent ACK 42
[CLIENT] Sent ACK 43
[CLIENT] Sent ACK 44
[CLIENT] Sent ACK 45
[CLIENT] Sent ACK 46
[CLIENT] Sent ACK 47
[CLIENT] Sent ACK 48
[CLIENT] Sent ACK 49
[CLIENT] Sent ACK 50
[CLIENT] Sent ACK 51
[CLIENT] Sent ACK 52
[CLIENT] Sent ACK 53
[CLIENT] Sent ACK 54
[CLIENT] Sent ACK 55
[CLIENT] Sent ACK 56
[CLIENT] Sent ACK 57
[CLIENT] Sent ACK 58
[CLIENT] Sent ACK 59
[CLIENT] Sent ACK 60
[CLIENT] Sent ACK 61
[CLIENT] Sent ACK 62
[CLIENT] Sent ACK 63
[CLIENT] Sent ACK 64
[CLIENT] Sent ACK 65
[CLIENT] Sent ACK 66
[CLIENT] Sent ACK 67
[CLIENT] Sent ACK 68
[CLIENT] Sent ACK 69
[CLIENT] Sent ACK 70
[CLIENT] Sent ACK 71
[CLIENT] Sent ACK 72
[CLIENT] Sent ACK 73
[CLIENT] Sent ACK 74
[CLIENT] Sent ACK 75
[CLIENT] Sent ACK 76
[CLIENT] Sent ACK 77
[CLIENT] Sent ACK 78
[CLIENT] Sent ACK 79
[CLIENT] Sent ACK 80
[CLIENT] Sent ACK 81
[CLIENT] Sent ACK 82
[CLIENT] Sent ACK 83
[CLIENT] Sent ACK 84
[CLIENT] Sent ACK 85
[CLIENT] Sent ACK 86
[CLIENT] Sent ACK 87
[CLIENT] Sent ACK 88
[CLIENT] Sent ACK 89
[CLIENT] Sent ACK 90
[CLIENT] Sent ACK 91
[CLIENT] Sent ACK 92
[CLIENT] Sent ACK 93
[CLIENT] Sent ACK 94
[CLIENT] Sent ACK 95
[CLIENT] Sent ACK 96
[CLIENT] Sent ACK 97
[CLIENT] Sent ACK 98
[CLIENT] Sent ACK 99
[CLIENT] Sent ACK 100
[CLIENT] Sent ACK 101
[CLIENT] Sent ACK 102
[CLIENT] Sent ACK 103
[CLIENT] Sent ACK 104
[CLIENT] Sent ACK 105
[CLIENT] Sent ACK 106
[CLIENT] Sent ACK 107
[CLIENT] Sent ACK 108
[CLIENT] Sent ACK 109
[CLIENT] Sent ACK 110
[CLIENT] Sent ACK 111
[CLIENT] Sent ACK 112
[CLIENT] Sent ACK 113
[CLIENT] Sent ACK 114
[CLIENT] Sent ACK 115
[CLIENT] Sent ACK 116
[CLIENT] Sent ACK 117
[CLIENT] Sent ACK 118
[CLIENT] Sent ACK 119
[CLIENT] Sent ACK 120
[CLIENT] Sent ACK 121
[CLIENT] Sent ACK 122
[CLIENT] Sent ACK 123
[CLIENT] Sent ACK 124
[CLIENT] Sent ACK 125
[CLIENT] Sent ACK 126
[CLIENT] Sent ACK 127
[CLIENT] Sent ACK 128
[CLIENT] Sent ACK 129
[CLIENT] Sent ACK 130
[CLIENT] Sent ACK 131
[CLIENT] Sent ACK 132
[CLIENT] Sent ACK 133
[CLIENT] Sent ACK 134
[CLIENT] Sent ACK 135
[CLIENT] Sent ACK 136
[CLIENT] Sent ACK 137
[CLIENT] Sent ACK 138
[CLIENT] Sent ACK 139
[CLIENT] Sent ACK 140
[CLIENT] Sent ACK 141
[CLIENT] Sent ACK 142
[CLIENT] Sent ACK 143
[CLIENT] Sent ACK 144
[CLIENT] Sent ACK 145
[CLIENT] Sent ACK 146
[CLIENT] Sent ACK 147
[CLIENT] Sent ACK 148
[CLIENT] Sent ACK 149
[CLIENT] Sent ACK 150
[CLIENT] Sent ACK 151
[CLIENT] Sent ACK 152
[CLIENT] Sent ACK 153
[CLIENT] Sent ACK 154
[CLIENT] Sent ACK 155
[CLIENT] Sent ACK 156
[CLIENT] Sent ACK 157
[CLIENT] Sent ACK 158
[CLIENT] Sent ACK 159
[CLIENT] Sent ACK 160
[CLIENT] Sent ACK 161
[CLIENT] Sent ACK 162
[CLIENT] Sent ACK 163
[CLIENT] Sent ACK 164
[CLIENT] Sent ACK 165
[CLIENT] Sent ACK 166
[CLIENT] Sent ACK 167
[CLIENT] Sent ACK 168
[CLIENT] Sent ACK 169
[CLIENT] Sent ACK 170
[CLIENT] Sent ACK 171
[CLIENT] Sent ACK 172
[CLIENT] Sent ACK 173
[CLIENT] Sent ACK 174
[CLIENT] Sent ACK 175
[CLIENT] Sent ACK 176
[CLIENT] Sent ACK 177
[CLIENT] Sent ACK 178
[CLIENT] Sent ACK 179
[CLIENT] Sent ACK 180
[CLIENT] Sent ACK 181
[CLIENT] Sent ACK 182
[CLIENT] Sent ACK 183
[CLIENT] Sent ACK 184
[CLIENT] Sent ACK 185
[CLIENT] Sent ACK 186
[CLIENT] Sent ACK 187
[CLIENT] Sent ACK 188
[CLIENT] Sent ACK 189
[CLIENT] Sent ACK 190
[CLIENT] Sent ACK 191
[CLIENT] Sent ACK 192
[CLIENT] Sent ACK 193
[CLIENT] Sent ACK 194
[CLIENT] Sent ACK 195
[CLIENT] Sent ACK 196
[CLIENT] Sent ACK 197
[CLIENT] Sent ACK 198
[CLIENT] Sent ACK 199
[CLIENT] Sent ACK 200
[CLIENT] Sent ACK 201
[CLIENT] Sent ACK 202
[CLIENT] Sent ACK 203
[CLIENT] Sent ACK 204
[CLIENT] Sent ACK 205
[CLIENT] Sent ACK 206
[CLIENT] Sent ACK 207
[CLIENT] Sent ACK 208
[CLIENT] Sent ACK 209
[CLIENT] Sent ACK 210
[CLIENT] Sent ACK 211
[CLIENT] Sent ACK 212
[CLIENT] Sent ACK 213
[CLIENT] Sent ACK 214
[CLIENT] Sent ACK 215
[CLIENT] Sent ACK 216
[CLIENT] Sent ACK 217
[CLIENT] Sent ACK 218
[CLIENT] Sent ACK 219
[CLIENT] Sent ACK 220
[CLIENT] Sent ACK 221
[CLIENT] Sent ACK 222
[CLIENT] Sent ACK 223
[CLIENT] Sent ACK 224
[CLIENT] Sent ACK 225
[CLIENT] Sent ACK 226
[CLIENT] Sent ACK 227
[CLIENT] Sent ACK 228
[CLIENT] Sent ACK 229
[CLIENT] Sent ACK 230
[CLIENT] Sent ACK 231
[CLIENT] Sent ACK 232
[CLIENT] Sent ACK 233
[CLIENT] Sent ACK 234
[CLIENT] Sent ACK 235
[CLIENT] Sent ACK 236
[CLIENT] Sent ACK 237
[CLIENT] Sent ACK 238
[CLIENT] Sent ACK 239
[CLIENT] Sent ACK 240
[CLIENT] Sent ACK 241
[CLIENT] Sent ACK 242
[CLIENT] Sent ACK 243
[CLIENT] Sent ACK 244
[CLIENT] Sent ACK 245
[CLIENT] Sent ACK 246
[CLIENT] Sent ACK 247
[CLIENT] Sent ACK 248
[CLIENT] Sent ACK 249
[CLIENT] Sent ACK 250
[CLIENT] Sent ACK 251
[CLIENT] Sent ACK 252
[CLIENT] Sent ACK 253
[CLIENT] Sent ACK 254
[CLIENT] Sent ACK 255
[CLIENT] Sent ACK 256
[CLIENT] Sent ACK 257
[CLIENT] Sent ACK 258
[CLIENT] Sent ACK 259
[CLIENT] Sent ACK 260
[CLIENT] Sent ACK 261
[CLIENT] Sent ACK 262
[CLIENT] Sent ACK 263
[CLIENT] Sent ACK 264
[CLIENT] Sent ACK 265
[CLIENT] Sent ACK 266
[CLIENT] Sent ACK 267
[CLIENT] Sent ACK 268
[CLIENT] Sent ACK 269
[CLIENT] Sent ACK 270
[CLIENT] Sent ACK 271
[CLIENT] Sent ACK 272
[CLIENT] Sent ACK 273
[CLIENT] Sent ACK 274
[CLIENT] Sent ACK 275
[CLIENT] Sent ACK 276
[CLIENT] Sent ACK 277
[CLIENT] Sent ACK 278
[CLIENT] Sent ACK 279
[CLIENT] Sent ACK 280
[CLIENT] Sent ACK 281
[CLIENT] Sent ACK 282
[CLIENT] Sent ACK 283
[CLIENT] Sent ACK 284
[CLIENT] Sent ACK 285
[CLIENT] Sent ACK 286
[CLIENT] Sent ACK 287
[CLIENT] Sent ACK 288
[CLIENT] Sent ACK 289
[CLIENT] Sent ACK 290
[CLIENT] Sent ACK 291
[CLIENT] Sent ACK 292
[CLIENT] Sent ACK 293
[CLIENT] Sent ACK 294
[CLIENT] Sent ACK 295
[CLIENT] Sent ACK 296
[CLIENT] Sent ACK 297
[CLIENT] Sent ACK 298
[CLIENT] Sent ACK 299
[CLIENT] Sent ACK 300
[CLIENT] Sent ACK 301
[CLIENT] Sent ACK 302
[CLIENT] Sent ACK 303
[CLIENT] Sent ACK 304
[CLIENT] Sent ACK 305
[CLIENT] Sent ACK 306
[CLIENT] Sent ACK 307
[CLIENT] Sent ACK 308
[CLIENT] Sent ACK 309
[CLIENT] Sent ACK 310
[CLIENT] Sent ACK 311
[CLIENT] Sent ACK 312
[CLIENT] Sent ACK 313
[CLIENT] Sent ACK 314
[CLIENT] Sent ACK 315
[CLIENT] Sent ACK 316
[CLIENT] Sent ACK 317
[CLIENT] Sent ACK 318
[CLIENT] Sent ACK 319
[CLIENT] Sent ACK 320
[CLIENT] Sent ACK 321
[CLIENT] Sent ACK 322
[CLIENT] Sent ACK 323
[CLIENT] Sent ACK 324
[CLIENT] Sent ACK 325
[CLIENT] Sent ACK 326
[CLIENT] Sent ACK 327
[CLIENT] Sent ACK 328
[CLIENT] Sent ACK 329
[CLIENT] Sent ACK 330
[CLIENT] Sent ACK 331
[CLIENT] Sent ACK 332
[CLIENT] Sent ACK 333
[CLIENT] Sent ACK 334
[CLIENT] Sent ACK 335
[CLIENT] Sent ACK 336
[CLIENT] Sent ACK 337
[CLIENT] Sent ACK 338
[CLIENT] Sent ACK 339
[CLIENT] Sent ACK 340
[CLIENT] Sent ACK 341
[CLIENT] Sent ACK 342
